<?xml version="1.0" encoding="UTF-8"?>
<!-- Generated by org.testng.reporters.JUnitReportReporter -->
<testsuite hostname="sony-VAIO" name="mod4.STock_TestNG" tests="3" failures="0" timestamp="1 Jan 2021 20:47:22 GMT" time="161.603" errors="0">
  <testcase name="Currency" time="9.825" classname="mod4.STock_TestNG"/>
  <testcase name="OpenAUT" time="7.854" classname="mod4.STock_TestNG"/>
  <testcase name="StockCheck" time="143.924" classname="mod4.STock_TestNG"/>
</testsuite> <!-- mod4.STock_TestNG -->
