<?xml version="1.0" encoding="UTF-8"?>
<!-- Generated by org.testng.reporters.JUnitReportReporter -->
<testsuite hostname="sony-VAIO" name="mod7.testcase.DataDriven_2" tests="5" failures="0" timestamp="16 Jan 2021 16:11:31 GMT" time="18.246" errors="0">
  <testcase name="formFill" time="3.777" classname="mod7.testcase.DataDriven_2"/>
  <testcase name="formFill" time="3.633" classname="mod7.testcase.DataDriven_2"/>
  <testcase name="formFill" time="3.574" classname="mod7.testcase.DataDriven_2"/>
  <testcase name="formFill" time="3.584" classname="mod7.testcase.DataDriven_2"/>
  <testcase name="formFill" time="3.678" classname="mod7.testcase.DataDriven_2"/>
</testsuite> <!-- mod7.testcase.DataDriven_2 -->
